<?xml version="1.0" encoding="UTF-8"?>
<!-- Generated by org.testng.reporters.JUnitXMLReporter -->
<testsuite ignored="9" hostname="DESKTOP-RO3TUDK" failures="0" tests="2" name="Regression Test" time="57.464" errors="0" timestamp="2020-01-25T13:36:25 EST">
  <testcase classname="com.hrms.testcases.AddEmpTest" name="AddEmpValidation" time="14.928"/>
  <testcase classname="com.hrms.testcases.LoginPagesTest" name="negativeLogin" time="5.277"/>
  <testcase classname="com.hrms.testcases.AddTenEmp" name="AddEmp" time="0.0">
    <ignored/>
  </testcase> <!-- AddEmp -->
  <testcase classname="com.hrms.testbase.BaseClass" name="@BeforeTest generateReports" time="0.0">
    <ignored/>
  </testcase> <!-- @BeforeTest generateReports -->
  <testcase classname="com.hrms.testbase.BaseClass" name="@BeforeTest generateReports" time="0.0">
    <ignored/>
  </testcase> <!-- @BeforeTest generateReports -->
  <testcase classname="com.hrms.testbase.BaseClass" name="@BeforeTest generateReports" time="0.0">
    <ignored/>
  </testcase> <!-- @BeforeTest generateReports -->
  <testcase classname="com.hrms.testcases.LoginPageFailure" name="loginFailure" time="0.0">
    <ignored/>
  </testcase> <!-- loginFailure -->
  <testcase classname="com.hrms.testcases.LoginPagesTest" name="login" time="0.0">
    <ignored/>
  </testcase> <!-- login -->
  <testcase classname="com.hrms.testbase.BaseClass" name="@AfterTest completeReport" time="0.0">
    <ignored/>
  </testcase> <!-- @AfterTest completeReport -->
  <testcase classname="com.hrms.testbase.BaseClass" name="@AfterTest completeReport" time="0.0">
    <ignored/>
  </testcase> <!-- @AfterTest completeReport -->
  <testcase classname="com.hrms.testbase.BaseClass" name="@AfterTest completeReport" time="0.0">
    <ignored/>
  </testcase> <!-- @AfterTest completeReport -->
</testsuite> <!-- Regression Test -->
